<?xml version="1.0" encoding="UTF-8"?>
<testng-results skipped="0" failed="0" ignored="0" total="7" passed="7">
  <reporter-output>
  </reporter-output>
  <suite name="用户管理系统测试套件" duration-ms="1531" started-at="2018-12-12T09:56:25Z" finished-at="2018-12-12T09:56:27Z">
    <groups>
      <group name="loginTrue">
        <method signature="LoginTest.loginTrue()[pri:0, instance:com.course.cases.LoginTest@58651fd0]" name="loginTrue" class="com.course.cases.LoginTest"/>
      </group> <!-- loginTrue -->
      <group name="loginFalse">
        <method signature="LoginTest.loginFalse()[pri:0, instance:com.course.cases.LoginTest@58651fd0]" name="loginFalse" class="com.course.cases.LoginTest"/>
      </group> <!-- loginFalse -->
    </groups>
    <test name="用户管理系统测试用例" duration-ms="1531" started-at="2018-12-12T09:56:25Z" finished-at="2018-12-12T09:56:27Z">
      <class name="com.course.cases.UpdateUserInfoTest">
        <test-method status="PASS" signature="updateUserInfo()[pri:0, instance:com.course.cases.UpdateUserInfoTest@4f933fd1]" name="updateUserInfo" duration-ms="42" depends-on-groups="loginTrue" started-at="2018-12-12T17:56:27Z" description="更改用户信息" finished-at="2018-12-12T17:56:27Z">
          <reporter-output>
          </reporter-output>
        </test-method> <!-- updateUserInfo -->
        <test-method status="PASS" signature="deleteUserInfo()[pri:0, instance:com.course.cases.UpdateUserInfoTest@4f933fd1]" name="deleteUserInfo" duration-ms="77" depends-on-groups="loginTrue" started-at="2018-12-12T17:56:27Z" description="删除用户信息" finished-at="2018-12-12T17:56:27Z">
          <reporter-output>
          </reporter-output>
        </test-method> <!-- deleteUserInfo -->
      </class> <!-- com.course.cases.UpdateUserInfoTest -->
      <class name="com.course.cases.LoginTest">
        <test-method status="PASS" signature="beforeTest()[pri:0, instance:com.course.cases.LoginTest@58651fd0]" name="beforeTest" is-config="true" duration-ms="135" started-at="2018-12-12T17:56:25Z" description="测试准备工作，获取httpclient对象" finished-at="2018-12-12T17:56:25Z">
          <reporter-output>
          </reporter-output>
        </test-method> <!-- beforeTest -->
        <test-method status="PASS" signature="loginTrue()[pri:0, instance:com.course.cases.LoginTest@58651fd0]" name="loginTrue" duration-ms="987" started-at="2018-12-12T17:56:25Z" description="用户登录成功接口测试" finished-at="2018-12-12T17:56:26Z">
          <reporter-output>
          </reporter-output>
        </test-method> <!-- loginTrue -->
        <test-method status="PASS" signature="loginFalse()[pri:0, instance:com.course.cases.LoginTest@58651fd0]" name="loginFalse" duration-ms="40" started-at="2018-12-12T17:56:26Z" description="用户登录失败接口测试" finished-at="2018-12-12T17:56:26Z">
          <reporter-output>
          </reporter-output>
        </test-method> <!-- loginFalse -->
      </class> <!-- com.course.cases.LoginTest -->
      <class name="com.course.cases.GetUserInfoTest">
        <test-method status="PASS" signature="getUserInfo()[pri:0, instance:com.course.cases.GetUserInfoTest@7dc7cbad]" name="getUserInfo" duration-ms="82" depends-on-groups="loginTrue" started-at="2018-12-12T17:56:26Z" description="获取用户id为1的用户信息" finished-at="2018-12-12T17:56:26Z">
          <reporter-output>
          </reporter-output>
        </test-method> <!-- getUserInfo -->
      </class> <!-- com.course.cases.GetUserInfoTest -->
      <class name="com.course.cases.AddUserTest">
        <test-method status="PASS" signature="addUser()[pri:0, instance:com.course.cases.AddUserTest@4520ebad]" name="addUser" duration-ms="37" depends-on-groups="loginTrue" started-at="2018-12-12T17:56:26Z" description="添加用户接口" finished-at="2018-12-12T17:56:26Z">
          <reporter-output>
          </reporter-output>
        </test-method> <!-- addUser -->
      </class> <!-- com.course.cases.AddUserTest -->
      <class name="com.course.cases.GetUserListTest">
        <test-method status="PASS" signature="getUserList()[pri:0, instance:com.course.cases.GetUserListTest@d2cc05a]" name="getUserList" duration-ms="78" depends-on-groups="loginTrue" started-at="2018-12-12T17:56:26Z" description="获取信息为男的用户信息" finished-at="2018-12-12T17:56:27Z">
          <reporter-output>
          </reporter-output>
        </test-method> <!-- getUserList -->
      </class> <!-- com.course.cases.GetUserListTest -->
    </test> <!-- 用户管理系统测试用例 -->
  </suite> <!-- 用户管理系统测试套件 -->
</testng-results>
