<?xml version="1.0" encoding="UTF-8"?>
<!-- Generated by org.testng.reporters.JUnitXMLReporter -->
<testsuite hostname="CNHQ-07075929N" ignored="0" name="用户管理系统测试用例" tests="7" failures="0" timestamp="12 十二月 2018 09:56:27 GMT" time="1.531" errors="0">
  <testcase name="loginTrue" time="0.987" classname="com.course.cases.LoginTest"/>
  <testcase name="loginFalse" time="0.04" classname="com.course.cases.LoginTest"/>
  <testcase name="addUser" time="0.037" classname="com.course.cases.AddUserTest"/>
  <testcase name="getUserInfo" time="0.082" classname="com.course.cases.GetUserInfoTest"/>
  <testcase name="getUserList" time="0.078" classname="com.course.cases.GetUserListTest"/>
  <testcase name="updateUserInfo" time="0.042" classname="com.course.cases.UpdateUserInfoTest"/>
  <testcase name="deleteUserInfo" time="0.077" classname="com.course.cases.UpdateUserInfoTest"/>
</testsuite> <!-- 用户管理系统测试用例 -->
